[2026-01-28 04:01:11] production.ERROR: SQLSTATE[HY000] [2002] php_network_getaddresses: getaddrinfo for db failed: No such host is known (SQL: select `value`, `key` from `system` where `key` in (additional_js, additional_css)) {"view":{"view":"C:\\Users\\thuve\\Desktop\\Work\\meltaPay\\MeltaPayMumbai\\resources\\views\\welcome.blade.php","data":[]},"exception":"[object] (Spatie\\LaravelIgnition\\Exceptions\\ViewException(code: 0): SQLSTATE[HY000] [2002] php_network_getaddresses: getaddrinfo for db failed: No such host is known (SQL: select `value`, `key` from `system` where `key` in (additional_js, additional_css)) at C:\\Users\\thuve\\Desktop\\Work\\meltaPay\\MeltaPayMumbai\\vendor\\laravel\\framework\\src\\Illuminate\\Database\\Connection.php:760)
[stacktrace]
#0 C:\\Users\\thuve\\Desktop\\Work\\meltaPay\\MeltaPayMumbai\\vendor\\laravel\\framework\\src\\Illuminate\\Database\\Connection.php(899): Illuminate\\Database\\Connection->runQueryCallback()
#1 C:\\Users\\thuve\\Desktop\\Work\\meltaPay\\MeltaPayMumbai\\vendor\\laravel\\framework\\src\\Illuminate\\Database\\Connection.php(878): Illuminate\\Database\\Connection->tryAgainIfCausedByLostConnection()
#2 C:\\Users\\thuve\\Desktop\\Work\\meltaPay\\MeltaPayMumbai\\vendor\\laravel\\framework\\src\\Illuminate\\Database\\Connection.php(722): Illuminate\\Database\\Connection->handleQueryException()
#3 C:\\Users\\thuve\\Desktop\\Work\\meltaPay\\MeltaPayMumbai\\vendor\\laravel\\framework\\src\\Illuminate\\Database\\Connection.php(405): Illuminate\\Database\\Connection->run()
#4 C:\\Users\\thuve\\Desktop\\Work\\meltaPay\\MeltaPayMumbai\\vendor\\laravel\\framework\\src\\Illuminate\\Database\\Query\\Builder.php(2705): Illuminate\\Database\\Connection->select()
#5 C:\\Users\\thuve\\Desktop\\Work\\meltaPay\\MeltaPayMumbai\\vendor\\laravel\\framework\\src\\Illuminate\\Database\\Query\\Builder.php(2920): Illuminate\\Database\\Query\\Builder->runSelect()
#6 C:\\Users\\thuve\\Desktop\\Work\\meltaPay\\MeltaPayMumbai\\vendor\\laravel\\framework\\src\\Illuminate\\Database\\Query\\Builder.php(3230): Illuminate\\Database\\Query\\Builder->{closure:Illuminate\\Database\\Query\\Builder::pluck():2918}()
#7 C:\\Users\\thuve\\Desktop\\Work\\meltaPay\\MeltaPayMumbai\\vendor\\laravel\\framework\\src\\Illuminate\\Database\\Query\\Builder.php(2916): Illuminate\\Database\\Query\\Builder->onceWithColumns()
#8 C:\\Users\\thuve\\Desktop\\Work\\meltaPay\\MeltaPayMumbai\\vendor\\laravel\\framework\\src\\Illuminate\\Database\\Eloquent\\Builder.php(860): Illuminate\\Database\\Query\\Builder->pluck()
#9 C:\\Users\\thuve\\Desktop\\Work\\meltaPay\\MeltaPayMumbai\\app\\System.php(58): Illuminate\\Database\\Eloquent\\Builder->pluck()
#10 C:\\Users\\thuve\\Desktop\\Work\\meltaPay\\MeltaPayMumbai\\app\\Providers\\AppServiceProvider.php(99): App\\System::getProperties()
#11 C:\\Users\\thuve\\Desktop\\Work\\meltaPay\\MeltaPayMumbai\\vendor\\laravel\\framework\\src\\Illuminate\\View\\Concerns\\ManagesEvents.php(162): App\\Providers\\AppServiceProvider->{closure:App\\Providers\\AppServiceProvider::boot():96}()
#12 C:\\Users\\thuve\\Desktop\\Work\\meltaPay\\MeltaPayMumbai\\vendor\\laravel\\framework\\src\\Illuminate\\Events\\Dispatcher.php(418): Illuminate\\View\\Factory->{closure:Illuminate\\View\\Concerns\\ManagesEvents::addEventListener():161}()
#13 C:\\Users\\thuve\\Desktop\\Work\\meltaPay\\MeltaPayMumbai\\vendor\\laravel\\framework\\src\\Illuminate\\Events\\Dispatcher.php(249): Illuminate\\Events\\Dispatcher->{closure:Illuminate\\Events\\Dispatcher::makeListener():416}()
#14 C:\\Users\\thuve\\Desktop\\Work\\meltaPay\\MeltaPayMumbai\\vendor\\laravel\\framework\\src\\Illuminate\\View\\Concerns\\ManagesEvents.php(177): Illuminate\\Events\\Dispatcher->dispatch()
#15 C:\\Users\\thuve\\Desktop\\Work\\meltaPay\\MeltaPayMumbai\\vendor\\laravel\\framework\\src\\Illuminate\\View\\View.php(176): Illuminate\\View\\Factory->callComposer()
#16 C:\\Users\\thuve\\Desktop\\Work\\meltaPay\\MeltaPayMumbai\\vendor\\laravel\\framework\\src\\Illuminate\\View\\View.php(147): Illuminate\\View\\View->renderContents()
#17 C:\\Users\\thuve\\Desktop\\Work\\meltaPay\\MeltaPayMumbai\\resources\\views\\welcome.blade.php(15): Illuminate\\View\\View->render()
#18 C:\\Users\\thuve\\Desktop\\Work\\meltaPay\\MeltaPayMumbai\\vendor\\laravel\\framework\\src\\Illuminate\\Filesystem\\Filesystem.php(109): require('...')
#19 C:\\Users\\thuve\\Desktop\\Work\\meltaPay\\MeltaPayMumbai\\vendor\\laravel\\framework\\src\\Illuminate\\Filesystem\\Filesystem.php(110): Illuminate\\Filesystem\\Filesystem::{closure:Illuminate\\Filesystem\\Filesystem::getRequire():106}()
#20 C:\\Users\\thuve\\Desktop\\Work\\meltaPay\\MeltaPayMumbai\\vendor\\laravel\\framework\\src\\Illuminate\\View\\Engines\\PhpEngine.php(58): Illuminate\\Filesystem\\Filesystem->getRequire()
#21 C:\\Users\\thuve\\Desktop\\Work\\meltaPay\\MeltaPayMumbai\\vendor\\laravel\\framework\\src\\Illuminate\\View\\Engines\\CompilerEngine.php(70): Illuminate\\View\\Engines\\PhpEngine->evaluatePath()
#22 C:\\Users\\thuve\\Desktop\\Work\\meltaPay\\MeltaPayMumbai\\vendor\\laravel\\framework\\src\\Illuminate\\View\\View.php(195): Illuminate\\View\\Engines\\CompilerEngine->get()
#23 C:\\Users\\thuve\\Desktop\\Work\\meltaPay\\MeltaPayMumbai\\vendor\\laravel\\framework\\src\\Illuminate\\View\\View.php(178): Illuminate\\View\\View->getContents()
#24 C:\\Users\\thuve\\Desktop\\Work\\meltaPay\\MeltaPayMumbai\\vendor\\laravel\\framework\\src\\Illuminate\\View\\View.php(147): Illuminate\\View\\View->renderContents()
#25 C:\\Users\\thuve\\Desktop\\Work\\meltaPay\\MeltaPayMumbai\\vendor\\laravel\\framework\\src\\Illuminate\\Http\\Response.php(69): Illuminate\\View\\View->render()
#26 C:\\Users\\thuve\\Desktop\\Work\\meltaPay\\MeltaPayMumbai\\vendor\\laravel\\framework\\src\\Illuminate\\Http\\Response.php(35): Illuminate\\Http\\Response->setContent()
#27 C:\\Users\\thuve\\Desktop\\Work\\meltaPay\\MeltaPayMumbai\\vendor\\laravel\\framework\\src\\Illuminate\\Routing\\Router.php(906): Illuminate\\Http\\Response->__construct()
#28 C:\\Users\\thuve\\Desktop\\Work\\meltaPay\\MeltaPayMumbai\\vendor\\laravel\\framework\\src\\Illuminate\\Routing\\Router.php(875): Illuminate\\Routing\\Router::toResponse()
#29 C:\\Users\\thuve\\Desktop\\Work\\meltaPay\\MeltaPayMumbai\\vendor\\laravel\\framework\\src\\Illuminate\\Routing\\Router.php(797): Illuminate\\Routing\\Router->prepareResponse()
#30 C:\\Users\\thuve\\Desktop\\Work\\meltaPay\\MeltaPayMumbai\\vendor\\laravel\\framework\\src\\Illuminate\\Pipeline\\Pipeline.php(141): Illuminate\\Routing\\Router->{closure:Illuminate\\Routing\\Router::runRouteWithinStack():797}()
#31 C:\\Users\\thuve\\Desktop\\Work\\meltaPay\\MeltaPayMumbai\\app\\Http\\Middleware\\IsInstalled.php(50): Illuminate\\Pipeline\\Pipeline->{closure:Illuminate\\Pipeline\\Pipeline::prepareDestination():139}()
#32 C:\\Users\\thuve\\Desktop\\Work\\meltaPay\\MeltaPayMumbai\\vendor\\laravel\\framework\\src\\Illuminate\\Pipeline\\Pipeline.php(180): App\\Http\\Middleware\\IsInstalled->handle()
#33 C:\\Users\\thuve\\Desktop\\Work\\meltaPay\\MeltaPayMumbai\\vendor\\barryvdh\\laravel-debugbar\\src\\Middleware\\InjectDebugbar.php(59): Illuminate\\Pipeline\\Pipeline->{closure:{closure:Illuminate\\Pipeline\\Pipeline::carry():155}:156}()
#34 C:\\Users\\thuve\\Desktop\\Work\\meltaPay\\MeltaPayMumbai\\vendor\\laravel\\framework\\src\\Illuminate\\Pipeline\\Pipeline.php(180): Barryvdh\\Debugbar\\Middleware\\InjectDebugbar->handle()
#35 C:\\Users\\thuve\\Desktop\\Work\\meltaPay\\MeltaPayMumbai\\vendor\\laravel\\framework\\src\\Illuminate\\Routing\\Middleware\\SubstituteBindings.php(50): Illuminate\\Pipeline\\Pipeline->{closure:{closure:Illuminate\\Pipeline\\Pipeline::carry():155}:156}()
#36 C:\\Users\\thuve\\Desktop\\Work\\meltaPay\\MeltaPayMumbai\\vendor\\laravel\\framework\\src\\Illuminate\\Pipeline\\Pipeline.php(180): Illuminate\\Routing\\Middleware\\SubstituteBindings->handle()
#37 C:\\Users\\thuve\\Desktop\\Work\\meltaPay\\MeltaPayMumbai\\vendor\\laravel\\framework\\src\\Illuminate\\Foundation\\Http\\Middleware\\VerifyCsrfToken.php(78): Illuminate\\Pipeline\\Pipeline->{closure:{closure:Illuminate\\Pipeline\\Pipeline::carry():155}:156}()
#38 C:\\Users\\thuve\\Desktop\\Work\\meltaPay\\MeltaPayMumbai\\vendor\\laravel\\framework\\src\\Illuminate\\Pipeline\\Pipeline.php(180): Illuminate\\Foundation\\Http\\Middleware\\VerifyCsrfToken->handle()
#39 C:\\Users\\thuve\\Desktop\\Work\\meltaPay\\MeltaPayMumbai\\vendor\\laravel\\framework\\src\\Illuminate\\View\\Middleware\\ShareErrorsFromSession.php(49): Illuminate\\Pipeline\\Pipeline->{closure:{closure:Illuminate\\Pipeline\\Pipeline::carry():155}:156}()
#40 C:\\Users\\thuve\\Desktop\\Work\\meltaPay\\MeltaPayMumbai\\vendor\\laravel\\framework\\src\\Illuminate\\Pipeline\\Pipeline.php(180): Illuminate\\View\\Middleware\\ShareErrorsFromSession->handle()
#41 C:\\Users\\thuve\\Desktop\\Work\\meltaPay\\MeltaPayMumbai\\vendor\\laravel\\framework\\src\\Illuminate\\Session\\Middleware\\StartSession.php(121): Illuminate\\Pipeline\\Pipeline->{closure:{closure:Illuminate\\Pipeline\\Pipeline::carry():155}:156}()
#42 C:\\Users\\thuve\\Desktop\\Work\\meltaPay\\MeltaPayMumbai\\vendor\\laravel\\framework\\src\\Illuminate\\Session\\Middleware\\StartSession.php(64): Illuminate\\Session\\Middleware\\StartSession->handleStatefulRequest()
#43 C:\\Users\\thuve\\Desktop\\Work\\meltaPay\\MeltaPayMumbai\\vendor\\laravel\\framework\\src\\Illuminate\\Pipeline\\Pipeline.php(180): Illuminate\\Session\\Middleware\\StartSession->handle()
#44 C:\\Users\\thuve\\Desktop\\Work\\meltaPay\\MeltaPayMumbai\\vendor\\laravel\\framework\\src\\Illuminate\\Cookie\\Middleware\\AddQueuedCookiesToResponse.php(37): Illuminate\\Pipeline\\Pipeline->{closure:{closure:Illuminate\\Pipeline\\Pipeline::carry():155}:156}()
#45 C:\\Users\\thuve\\Desktop\\Work\\meltaPay\\MeltaPayMumbai\\vendor\\laravel\\framework\\src\\Illuminate\\Pipeline\\Pipeline.php(180): Illuminate\\Cookie\\Middleware\\AddQueuedCookiesToResponse->handle()
#46 C:\\Users\\thuve\\Desktop\\Work\\meltaPay\\MeltaPayMumbai\\vendor\\laravel\\framework\\src\\Illuminate\\Cookie\\Middleware\\EncryptCookies.php(67): Illuminate\\Pipeline\\Pipeline->{closure:{closure:Illuminate\\Pipeline\\Pipeline::carry():155}:156}()
#47 C:\\Users\\thuve\\Desktop\\Work\\meltaPay\\MeltaPayMumbai\\vendor\\laravel\\framework\\src\\Illuminate\\Pipeline\\Pipeline.php(180): Illuminate\\Cookie\\Middleware\\EncryptCookies->handle()
#48 C:\\Users\\thuve\\Desktop\\Work\\meltaPay\\MeltaPayMumbai\\vendor\\laravel\\framework\\src\\Illuminate\\Pipeline\\Pipeline.php(116): Illuminate\\Pipeline\\Pipeline->{closure:{closure:Illuminate\\Pipeline\\Pipeline::carry():155}:156}()
#49 C:\\Users\\thuve\\Desktop\\Work\\meltaPay\\MeltaPayMumbai\\vendor\\laravel\\framework\\src\\Illuminate\\Routing\\Router.php(797): Illuminate\\Pipeline\\Pipeline->then()
#50 C:\\Users\\thuve\\Desktop\\Work\\meltaPay\\MeltaPayMumbai\\vendor\\laravel\\framework\\src\\Illuminate\\Routing\\Router.php(776): Illuminate\\Routing\\Router->runRouteWithinStack()
#51 C:\\Users\\thuve\\Desktop\\Work\\meltaPay\\MeltaPayMumbai\\vendor\\laravel\\framework\\src\\Illuminate\\Routing\\Router.php(740): Illuminate\\Routing\\Router->runRoute()
#52 C:\\Users\\thuve\\Desktop\\Work\\meltaPay\\MeltaPayMumbai\\vendor\\laravel\\framework\\src\\Illuminate\\Routing\\Router.php(729): Illuminate\\Routing\\Router->dispatchToRoute()
#53 C:\\Users\\thuve\\Desktop\\Work\\meltaPay\\MeltaPayMumbai\\vendor\\laravel\\framework\\src\\Illuminate\\Foundation\\Http\\Kernel.php(190): Illuminate\\Routing\\Router->dispatch()
#54 C:\\Users\\thuve\\Desktop\\Work\\meltaPay\\MeltaPayMumbai\\vendor\\laravel\\framework\\src\\Illuminate\\Pipeline\\Pipeline.php(141): Illuminate\\Foundation\\Http\\Kernel->{closure:Illuminate\\Foundation\\Http\\Kernel::dispatchToRouter():187}()
#55 C:\\Users\\thuve\\Desktop\\Work\\meltaPay\\MeltaPayMumbai\\vendor\\barryvdh\\laravel-debugbar\\src\\Middleware\\InjectDebugbar.php(59): Illuminate\\Pipeline\\Pipeline->{closure:Illuminate\\Pipeline\\Pipeline::prepareDestination():139}()
#56 C:\\Users\\thuve\\Desktop\\Work\\meltaPay\\MeltaPayMumbai\\vendor\\laravel\\framework\\src\\Illuminate\\Pipeline\\Pipeline.php(180): Barryvdh\\Debugbar\\Middleware\\InjectDebugbar->handle()
#57 C:\\Users\\thuve\\Desktop\\Work\\meltaPay\\MeltaPayMumbai\\vendor\\laravel\\framework\\src\\Illuminate\\Foundation\\Http\\Middleware\\TransformsRequest.php(21): Illuminate\\Pipeline\\Pipeline->{closure:{closure:Illuminate\\Pipeline\\Pipeline::carry():155}:156}()
#58 C:\\Users\\thuve\\Desktop\\Work\\meltaPay\\MeltaPayMumbai\\vendor\\laravel\\framework\\src\\Illuminate\\Foundation\\Http\\Middleware\\ConvertEmptyStringsToNull.php(31): Illuminate\\Foundation\\Http\\Middleware\\TransformsRequest->handle()
#59 C:\\Users\\thuve\\Desktop\\Work\\meltaPay\\MeltaPayMumbai\\vendor\\laravel\\framework\\src\\Illuminate\\Pipeline\\Pipeline.php(180): Illuminate\\Foundation\\Http\\Middleware\\ConvertEmptyStringsToNull->handle()
#60 C:\\Users\\thuve\\Desktop\\Work\\meltaPay\\MeltaPayMumbai\\vendor\\laravel\\framework\\src\\Illuminate\\Foundation\\Http\\Middleware\\TransformsRequest.php(21): Illuminate\\Pipeline\\Pipeline->{closure:{closure:Illuminate\\Pipeline\\Pipeline::carry():155}:156}()
#61 C:\\Users\\thuve\\Desktop\\Work\\meltaPay\\MeltaPayMumbai\\vendor\\laravel\\framework\\src\\Illuminate\\Foundation\\Http\\Middleware\\TrimStrings.php(40): Illuminate\\Foundation\\Http\\Middleware\\TransformsRequest->handle()
#62 C:\\Users\\thuve\\Desktop\\Work\\meltaPay\\MeltaPayMumbai\\vendor\\laravel\\framework\\src\\Illuminate\\Pipeline\\Pipeline.php(180): Illuminate\\Foundation\\Http\\Middleware\\TrimStrings->handle()
#63 C:\\Users\\thuve\\Desktop\\Work\\meltaPay\\MeltaPayMumbai\\vendor\\laravel\\framework\\src\\Illuminate\\Foundation\\Http\\Middleware\\ValidatePostSize.php(27): Illuminate\\Pipeline\\Pipeline->{closure:{closure:Illuminate\\Pipeline\\Pipeline::carry():155}:156}()
#64 C:\\Users\\thuve\\Desktop\\Work\\meltaPay\\MeltaPayMumbai\\vendor\\laravel\\framework\\src\\Illuminate\\Pipeline\\Pipeline.php(180): Illuminate\\Foundation\\Http\\Middleware\\ValidatePostSize->handle()
#65 C:\\Users\\thuve\\Desktop\\Work\\meltaPay\\MeltaPayMumbai\\vendor\\laravel\\framework\\src\\Illuminate\\Foundation\\Http\\Middleware\\PreventRequestsDuringMaintenance.php(86): Illuminate\\Pipeline\\Pipeline->{closure:{closure:Illuminate\\Pipeline\\Pipeline::carry():155}:156}()
#66 C:\\Users\\thuve\\Desktop\\Work\\meltaPay\\MeltaPayMumbai\\vendor\\laravel\\framework\\src\\Illuminate\\Pipeline\\Pipeline.php(180): Illuminate\\Foundation\\Http\\Middleware\\PreventRequestsDuringMaintenance->handle()
#67 C:\\Users\\thuve\\Desktop\\Work\\meltaPay\\MeltaPayMumbai\\vendor\\laravel\\framework\\src\\Illuminate\\Http\\Middleware\\HandleCors.php(49): Illuminate\\Pipeline\\Pipeline->{closure:{closure:Illuminate\\Pipeline\\Pipeline::carry():155}:156}()
#68 C:\\Users\\thuve\\Desktop\\Work\\meltaPay\\MeltaPayMumbai\\vendor\\laravel\\framework\\src\\Illuminate\\Pipeline\\Pipeline.php(180): Illuminate\\Http\\Middleware\\HandleCors->handle()
#69 C:\\Users\\thuve\\Desktop\\Work\\meltaPay\\MeltaPayMumbai\\vendor\\laravel\\framework\\src\\Illuminate\\Http\\Middleware\\TrustProxies.php(39): Illuminate\\Pipeline\\Pipeline->{closure:{closure:Illuminate\\Pipeline\\Pipeline::carry():155}:156}()
#70 C:\\Users\\thuve\\Desktop\\Work\\meltaPay\\MeltaPayMumbai\\vendor\\laravel\\framework\\src\\Illuminate\\Pipeline\\Pipeline.php(180): Illuminate\\Http\\Middleware\\TrustProxies->handle()
#71 C:\\Users\\thuve\\Desktop\\Work\\meltaPay\\MeltaPayMumbai\\vendor\\laravel\\framework\\src\\Illuminate\\Pipeline\\Pipeline.php(116): Illuminate\\Pipeline\\Pipeline->{closure:{closure:Illuminate\\Pipeline\\Pipeline::carry():155}:156}()
#72 C:\\Users\\thuve\\Desktop\\Work\\meltaPay\\MeltaPayMumbai\\vendor\\laravel\\framework\\src\\Illuminate\\Foundation\\Http\\Kernel.php(165): Illuminate\\Pipeline\\Pipeline->then()
#73 C:\\Users\\thuve\\Desktop\\Work\\meltaPay\\MeltaPayMumbai\\vendor\\laravel\\framework\\src\\Illuminate\\Foundation\\Http\\Kernel.php(134): Illuminate\\Foundation\\Http\\Kernel->sendRequestThroughRouter()
#74 C:\\Users\\thuve\\Desktop\\Work\\meltaPay\\MeltaPayMumbai\\public\\index.php(51): Illuminate\\Foundation\\Http\\Kernel->handle()
#75 C:\\Users\\thuve\\Desktop\\Work\\meltaPay\\MeltaPayMumbai\\vendor\\laravel\\framework\\src\\Illuminate\\Foundation\\resources\\server.php(16): require_once('...')
#76 {main}

[previous exception] [object] (Illuminate\\Database\\QueryException(code: 2002): SQLSTATE[HY000] [2002] php_network_getaddresses: getaddrinfo for db failed: No such host is known (SQL: select `value`, `key` from `system` where `key` in (additional_js, additional_css)) at C:\\Users\\thuve\\Desktop\\Work\\meltaPay\\MeltaPayMumbai\\vendor\\laravel\\framework\\src\\Illuminate\\Database\\Connection.php:760)
[stacktrace]
#0 C:\\Users\\thuve\\Desktop\\Work\\meltaPay\\MeltaPayMumbai\\vendor\\laravel\\framework\\src\\Illuminate\\Database\\Connection.php(899): Illuminate\\Database\\Connection->runQueryCallback()
#1 C:\\Users\\thuve\\Desktop\\Work\\meltaPay\\MeltaPayMumbai\\vendor\\laravel\\framework\\src\\Illuminate\\Database\\Connection.php(878): Illuminate\\Database\\Connection->tryAgainIfCausedByLostConnection()
#2 C:\\Users\\thuve\\Desktop\\Work\\meltaPay\\MeltaPayMumbai\\vendor\\laravel\\framework\\src\\Illuminate\\Database\\Connection.php(722): Illuminate\\Database\\Connection->handleQueryException()
#3 C:\\Users\\thuve\\Desktop\\Work\\meltaPay\\MeltaPayMumbai\\vendor\\laravel\\framework\\src\\Illuminate\\Database\\Connection.php(405): Illuminate\\Database\\Connection->run()
#4 C:\\Users\\thuve\\Desktop\\Work\\meltaPay\\MeltaPayMumbai\\vendor\\laravel\\framework\\src\\Illuminate\\Database\\Query\\Builder.php(2705): Illuminate\\Database\\Connection->select()
#5 C:\\Users\\thuve\\Desktop\\Work\\meltaPay\\MeltaPayMumbai\\vendor\\laravel\\framework\\src\\Illuminate\\Database\\Query\\Builder.php(2920): Illuminate\\Database\\Query\\Builder->runSelect()
#6 C:\\Users\\thuve\\Desktop\\Work\\meltaPay\\MeltaPayMumbai\\vendor\\laravel\\framework\\src\\Illuminate\\Database\\Query\\Builder.php(3230): Illuminate\\Database\\Query\\Builder->{closure:Illuminate\\Database\\Query\\Builder::pluck():2918}()
#7 C:\\Users\\thuve\\Desktop\\Work\\meltaPay\\MeltaPayMumbai\\vendor\\laravel\\framework\\src\\Illuminate\\Database\\Query\\Builder.php(2916): Illuminate\\Database\\Query\\Builder->onceWithColumns()
#8 C:\\Users\\thuve\\Desktop\\Work\\meltaPay\\MeltaPayMumbai\\vendor\\laravel\\framework\\src\\Illuminate\\Database\\Eloquent\\Builder.php(860): Illuminate\\Database\\Query\\Builder->pluck()
#9 C:\\Users\\thuve\\Desktop\\Work\\meltaPay\\MeltaPayMumbai\\app\\System.php(58): Illuminate\\Database\\Eloquent\\Builder->pluck()
#10 C:\\Users\\thuve\\Desktop\\Work\\meltaPay\\MeltaPayMumbai\\app\\Providers\\AppServiceProvider.php(99): App\\System::getProperties()
#11 C:\\Users\\thuve\\Desktop\\Work\\meltaPay\\MeltaPayMumbai\\vendor\\laravel\\framework\\src\\Illuminate\\View\\Concerns\\ManagesEvents.php(162): App\\Providers\\AppServiceProvider->{closure:App\\Providers\\AppServiceProvider::boot():96}()
#12 C:\\Users\\thuve\\Desktop\\Work\\meltaPay\\MeltaPayMumbai\\vendor\\laravel\\framework\\src\\Illuminate\\Events\\Dispatcher.php(418): Illuminate\\View\\Factory->{closure:Illuminate\\View\\Concerns\\ManagesEvents::addEventListener():161}()
#13 C:\\Users\\thuve\\Desktop\\Work\\meltaPay\\MeltaPayMumbai\\vendor\\laravel\\framework\\src\\Illuminate\\Events\\Dispatcher.php(249): Illuminate\\Events\\Dispatcher->{closure:Illuminate\\Events\\Dispatcher::makeListener():416}()
#14 C:\\Users\\thuve\\Desktop\\Work\\meltaPay\\MeltaPayMumbai\\vendor\\laravel\\framework\\src\\Illuminate\\View\\Concerns\\ManagesEvents.php(177): Illuminate\\Events\\Dispatcher->dispatch()
#15 C:\\Users\\thuve\\Desktop\\Work\\meltaPay\\MeltaPayMumbai\\vendor\\laravel\\framework\\src\\Illuminate\\View\\View.php(176): Illuminate\\View\\Factory->callComposer()
#16 C:\\Users\\thuve\\Desktop\\Work\\meltaPay\\MeltaPayMumbai\\vendor\\laravel\\framework\\src\\Illuminate\\View\\View.php(147): Illuminate\\View\\View->renderContents()
#17 C:\\Users\\thuve\\Desktop\\Work\\meltaPay\\MeltaPayMumbai\\storage\\framework\\views\\f18b1d1958788f59d0eac385b83edbecce957ba2.php(19): Illuminate\\View\\View->render()
#18 C:\\Users\\thuve\\Desktop\\Work\\meltaPay\\MeltaPayMumbai\\vendor\\laravel\\framework\\src\\Illuminate\\Filesystem\\Filesystem.php(109): require('...')
#19 C:\\Users\\thuve\\Desktop\\Work\\meltaPay\\MeltaPayMumbai\\vendor\\laravel\\framework\\src\\Illuminate\\Filesystem\\Filesystem.php(110): Illuminate\\Filesystem\\Filesystem::{closure:Illuminate\\Filesystem\\Filesystem::getRequire():106}()
#20 C:\\Users\\thuve\\Desktop\\Work\\meltaPay\\MeltaPayMumbai\\vendor\\laravel\\framework\\src\\Illuminate\\View\\Engines\\PhpEngine.php(58): Illuminate\\Filesystem\\Filesystem->getRequire()
#21 C:\\Users\\thuve\\Desktop\\Work\\meltaPay\\MeltaPayMumbai\\vendor\\laravel\\framework\\src\\Illuminate\\View\\Engines\\CompilerEngine.php(70): Illuminate\\View\\Engines\\PhpEngine->evaluatePath()
#22 C:\\Users\\thuve\\Desktop\\Work\\meltaPay\\MeltaPayMumbai\\vendor\\laravel\\framework\\src\\Illuminate\\View\\View.php(195): Illuminate\\View\\Engines\\CompilerEngine->get()
#23 C:\\Users\\thuve\\Desktop\\Work\\meltaPay\\MeltaPayMumbai\\vendor\\laravel\\framework\\src\\Illuminate\\View\\View.php(178): Illuminate\\View\\View->getContents()
#24 C:\\Users\\thuve\\Desktop\\Work\\meltaPay\\MeltaPayMumbai\\vendor\\laravel\\framework\\src\\Illuminate\\View\\View.php(147): Illuminate\\View\\View->renderContents()
#25 C:\\Users\\thuve\\Desktop\\Work\\meltaPay\\MeltaPayMumbai\\vendor\\laravel\\framework\\src\\Illuminate\\Http\\Response.php(69): Illuminate\\View\\View->render()
#26 C:\\Users\\thuve\\Desktop\\Work\\meltaPay\\MeltaPayMumbai\\vendor\\laravel\\framework\\src\\Illuminate\\Http\\Response.php(35): Illuminate\\Http\\Response->setContent()
#27 C:\\Users\\thuve\\Desktop\\Work\\meltaPay\\MeltaPayMumbai\\vendor\\laravel\\framework\\src\\Illuminate\\Routing\\Router.php(906): Illuminate\\Http\\Response->__construct()
#28 C:\\Users\\thuve\\Desktop\\Work\\meltaPay\\MeltaPayMumbai\\vendor\\laravel\\framework\\src\\Illuminate\\Routing\\Router.php(875): Illuminate\\Routing\\Router::toResponse()
#29 C:\\Users\\thuve\\Desktop\\Work\\meltaPay\\MeltaPayMumbai\\vendor\\laravel\\framework\\src\\Illuminate\\Routing\\Router.php(797): Illuminate\\Routing\\Router->prepareResponse()
#30 C:\\Users\\thuve\\Desktop\\Work\\meltaPay\\MeltaPayMumbai\\vendor\\laravel\\framework\\src\\Illuminate\\Pipeline\\Pipeline.php(141): Illuminate\\Routing\\Router->{closure:Illuminate\\Routing\\Router::runRouteWithinStack():797}()
#31 C:\\Users\\thuve\\Desktop\\Work\\meltaPay\\MeltaPayMumbai\\app\\Http\\Middleware\\IsInstalled.php(50): Illuminate\\Pipeline\\Pipeline->{closure:Illuminate\\Pipeline\\Pipeline::prepareDestination():139}()
#32 C:\\Users\\thuve\\Desktop\\Work\\meltaPay\\MeltaPayMumbai\\vendor\\laravel\\framework\\src\\Illuminate\\Pipeline\\Pipeline.php(180): App\\Http\\Middleware\\IsInstalled->handle()
#33 C:\\Users\\thuve\\Desktop\\Work\\meltaPay\\MeltaPayMumbai\\vendor\\barryvdh\\laravel-debugbar\\src\\Middleware\\InjectDebugbar.php(59): Illuminate\\Pipeline\\Pipeline->{closure:{closure:Illuminate\\Pipeline\\Pipeline::carry():155}:156}()
#34 C:\\Users\\thuve\\Desktop\\Work\\meltaPay\\MeltaPayMumbai\\vendor\\laravel\\framework\\src\\Illuminate\\Pipeline\\Pipeline.php(180): Barryvdh\\Debugbar\\Middleware\\InjectDebugbar->handle()
#35 C:\\Users\\thuve\\Desktop\\Work\\meltaPay\\MeltaPayMumbai\\vendor\\laravel\\framework\\src\\Illuminate\\Routing\\Middleware\\SubstituteBindings.php(50): Illuminate\\Pipeline\\Pipeline->{closure:{closure:Illuminate\\Pipeline\\Pipeline::carry():155}:156}()
#36 C:\\Users\\thuve\\Desktop\\Work\\meltaPay\\MeltaPayMumbai\\vendor\\laravel\\framework\\src\\Illuminate\\Pipeline\\Pipeline.php(180): Illuminate\\Routing\\Middleware\\SubstituteBindings->handle()
#37 C:\\Users\\thuve\\Desktop\\Work\\meltaPay\\MeltaPayMumbai\\vendor\\laravel\\framework\\src\\Illuminate\\Foundation\\Http\\Middleware\\VerifyCsrfToken.php(78): Illuminate\\Pipeline\\Pipeline->{closure:{closure:Illuminate\\Pipeline\\Pipeline::carry():155}:156}()
#38 C:\\Users\\thuve\\Desktop\\Work\\meltaPay\\MeltaPayMumbai\\vendor\\laravel\\framework\\src\\Illuminate\\Pipeline\\Pipeline.php(180): Illuminate\\Foundation\\Http\\Middleware\\VerifyCsrfToken->handle()
#39 C:\\Users\\thuve\\Desktop\\Work\\meltaPay\\MeltaPayMumbai\\vendor\\laravel\\framework\\src\\Illuminate\\View\\Middleware\\ShareErrorsFromSession.php(49): Illuminate\\Pipeline\\Pipeline->{closure:{closure:Illuminate\\Pipeline\\Pipeline::carry():155}:156}()
#40 C:\\Users\\thuve\\Desktop\\Work\\meltaPay\\MeltaPayMumbai\\vendor\\laravel\\framework\\src\\Illuminate\\Pipeline\\Pipeline.php(180): Illuminate\\View\\Middleware\\ShareErrorsFromSession->handle()
#41 C:\\Users\\thuve\\Desktop\\Work\\meltaPay\\MeltaPayMumbai\\vendor\\laravel\\framework\\src\\Illuminate\\Session\\Middleware\\StartSession.php(121): Illuminate\\Pipeline\\Pipeline->{closure:{closure:Illuminate\\Pipeline\\Pipeline::carry():155}:156}()
#42 C:\\Users\\thuve\\Desktop\\Work\\meltaPay\\MeltaPayMumbai\\vendor\\laravel\\framework\\src\\Illuminate\\Session\\Middleware\\StartSession.php(64): Illuminate\\Session\\Middleware\\StartSession->handleStatefulRequest()
#43 C:\\Users\\thuve\\Desktop\\Work\\meltaPay\\MeltaPayMumbai\\vendor\\laravel\\framework\\src\\Illuminate\\Pipeline\\Pipeline.php(180): Illuminate\\Session\\Middleware\\StartSession->handle()
#44 C:\\Users\\thuve\\Desktop\\Work\\meltaPay\\MeltaPayMumbai\\vendor\\laravel\\framework\\src\\Illuminate\\Cookie\\Middleware\\AddQueuedCookiesToResponse.php(37): Illuminate\\Pipeline\\Pipeline->{closure:{closure:Illuminate\\Pipeline\\Pipeline::carry():155}:156}()
#45 C:\\Users\\thuve\\Desktop\\Work\\meltaPay\\MeltaPayMumbai\\vendor\\laravel\\framework\\src\\Illuminate\\Pipeline\\Pipeline.php(180): Illuminate\\Cookie\\Middleware\\AddQueuedCookiesToResponse->handle()
#46 C:\\Users\\thuve\\Desktop\\Work\\meltaPay\\MeltaPayMumbai\\vendor\\laravel\\framework\\src\\Illuminate\\Cookie\\Middleware\\EncryptCookies.php(67): Illuminate\\Pipeline\\Pipeline->{closure:{closure:Illuminate\\Pipeline\\Pipeline::carry():155}:156}()
#47 C:\\Users\\thuve\\Desktop\\Work\\meltaPay\\MeltaPayMumbai\\vendor\\laravel\\framework\\src\\Illuminate\\Pipeline\\Pipeline.php(180): Illuminate\\Cookie\\Middleware\\EncryptCookies->handle()
#48 C:\\Users\\thuve\\Desktop\\Work\\meltaPay\\MeltaPayMumbai\\vendor\\laravel\\framework\\src\\Illuminate\\Pipeline\\Pipeline.php(116): Illuminate\\Pipeline\\Pipeline->{closure:{closure:Illuminate\\Pipeline\\Pipeline::carry():155}:156}()
#49 C:\\Users\\thuve\\Desktop\\Work\\meltaPay\\MeltaPayMumbai\\vendor\\laravel\\framework\\src\\Illuminate\\Routing\\Router.php(797): Illuminate\\Pipeline\\Pipeline->then()
#50 C:\\Users\\thuve\\Desktop\\Work\\meltaPay\\MeltaPayMumbai\\vendor\\laravel\\framework\\src\\Illuminate\\Routing\\Router.php(776): Illuminate\\Routing\\Router->runRouteWithinStack()
#51 C:\\Users\\thuve\\Desktop\\Work\\meltaPay\\MeltaPayMumbai\\vendor\\laravel\\framework\\src\\Illuminate\\Routing\\Router.php(740): Illuminate\\Routing\\Router->runRoute()
#52 C:\\Users\\thuve\\Desktop\\Work\\meltaPay\\MeltaPayMumbai\\vendor\\laravel\\framework\\src\\Illuminate\\Routing\\Router.php(729): Illuminate\\Routing\\Router->dispatchToRoute()
#53 C:\\Users\\thuve\\Desktop\\Work\\meltaPay\\MeltaPayMumbai\\vendor\\laravel\\framework\\src\\Illuminate\\Foundation\\Http\\Kernel.php(190): Illuminate\\Routing\\Router->dispatch()
#54 C:\\Users\\thuve\\Desktop\\Work\\meltaPay\\MeltaPayMumbai\\vendor\\laravel\\framework\\src\\Illuminate\\Pipeline\\Pipeline.php(141): Illuminate\\Foundation\\Http\\Kernel->{closure:Illuminate\\Foundation\\Http\\Kernel::dispatchToRouter():187}()
#55 C:\\Users\\thuve\\Desktop\\Work\\meltaPay\\MeltaPayMumbai\\vendor\\barryvdh\\laravel-debugbar\\src\\Middleware\\InjectDebugbar.php(59): Illuminate\\Pipeline\\Pipeline->{closure:Illuminate\\Pipeline\\Pipeline::prepareDestination():139}()
#56 C:\\Users\\thuve\\Desktop\\Work\\meltaPay\\MeltaPayMumbai\\vendor\\laravel\\framework\\src\\Illuminate\\Pipeline\\Pipeline.php(180): Barryvdh\\Debugbar\\Middleware\\InjectDebugbar->handle()
#57 C:\\Users\\thuve\\Desktop\\Work\\meltaPay\\MeltaPayMumbai\\vendor\\laravel\\framework\\src\\Illuminate\\Foundation\\Http\\Middleware\\TransformsRequest.php(21): Illuminate\\Pipeline\\Pipeline->{closure:{closure:Illuminate\\Pipeline\\Pipeline::carry():155}:156}()
#58 C:\\Users\\thuve\\Desktop\\Work\\meltaPay\\MeltaPayMumbai\\vendor\\laravel\\framework\\src\\Illuminate\\Foundation\\Http\\Middleware\\ConvertEmptyStringsToNull.php(31): Illuminate\\Foundation\\Http\\Middleware\\TransformsRequest->handle()
#59 C:\\Users\\thuve\\Desktop\\Work\\meltaPay\\MeltaPayMumbai\\vendor\\laravel\\framework\\src\\Illuminate\\Pipeline\\Pipeline.php(180): Illuminate\\Foundation\\Http\\Middleware\\ConvertEmptyStringsToNull->handle()
#60 C:\\Users\\thuve\\Desktop\\Work\\meltaPay\\MeltaPayMumbai\\vendor\\laravel\\framework\\src\\Illuminate\\Foundation\\Http\\Middleware\\TransformsRequest.php(21): Illuminate\\Pipeline\\Pipeline->{closure:{closure:Illuminate\\Pipeline\\Pipeline::carry():155}:156}()
#61 C:\\Users\\thuve\\Desktop\\Work\\meltaPay\\MeltaPayMumbai\\vendor\\laravel\\framework\\src\\Illuminate\\Foundation\\Http\\Middleware\\TrimStrings.php(40): Illuminate\\Foundation\\Http\\Middleware\\TransformsRequest->handle()
#62 C:\\Users\\thuve\\Desktop\\Work\\meltaPay\\MeltaPayMumbai\\vendor\\laravel\\framework\\src\\Illuminate\\Pipeline\\Pipeline.php(180): Illuminate\\Foundation\\Http\\Middleware\\TrimStrings->handle()
#63 C:\\Users\\thuve\\Desktop\\Work\\meltaPay\\MeltaPayMumbai\\vendor\\laravel\\framework\\src\\Illuminate\\Foundation\\Http\\Middleware\\ValidatePostSize.php(27): Illuminate\\Pipeline\\Pipeline->{closure:{closure:Illuminate\\Pipeline\\Pipeline::carry():155}:156}()
#64 C:\\Users\\thuve\\Desktop\\Work\\meltaPay\\MeltaPayMumbai\\vendor\\laravel\\framework\\src\\Illuminate\\Pipeline\\Pipeline.php(180): Illuminate\\Foundation\\Http\\Middleware\\ValidatePostSize->handle()
#65 C:\\Users\\thuve\\Desktop\\Work\\meltaPay\\MeltaPayMumbai\\vendor\\laravel\\framework\\src\\Illuminate\\Foundation\\Http\\Middleware\\PreventRequestsDuringMaintenance.php(86): Illuminate\\Pipeline\\Pipeline->{closure:{closure:Illuminate\\Pipeline\\Pipeline::carry():155}:156}()
#66 C:\\Users\\thuve\\Desktop\\Work\\meltaPay\\MeltaPayMumbai\\vendor\\laravel\\framework\\src\\Illuminate\\Pipeline\\Pipeline.php(180): Illuminate\\Foundation\\Http\\Middleware\\PreventRequestsDuringMaintenance->handle()
#67 C:\\Users\\thuve\\Desktop\\Work\\meltaPay\\MeltaPayMumbai\\vendor\\laravel\\framework\\src\\Illuminate\\Http\\Middleware\\HandleCors.php(49): Illuminate\\Pipeline\\Pipeline->{closure:{closure:Illuminate\\Pipeline\\Pipeline::carry():155}:156}()
#68 C:\\Users\\thuve\\Desktop\\Work\\meltaPay\\MeltaPayMumbai\\vendor\\laravel\\framework\\src\\Illuminate\\Pipeline\\Pipeline.php(180): Illuminate\\Http\\Middleware\\HandleCors->handle()
#69 C:\\Users\\thuve\\Desktop\\Work\\meltaPay\\MeltaPayMumbai\\vendor\\laravel\\framework\\src\\Illuminate\\Http\\Middleware\\TrustProxies.php(39): Illuminate\\Pipeline\\Pipeline->{closure:{closure:Illuminate\\Pipeline\\Pipeline::carry():155}:156}()
#70 C:\\Users\\thuve\\Desktop\\Work\\meltaPay\\MeltaPayMumbai\\vendor\\laravel\\framework\\src\\Illuminate\\Pipeline\\Pipeline.php(180): Illuminate\\Http\\Middleware\\TrustProxies->handle()
#71 C:\\Users\\thuve\\Desktop\\Work\\meltaPay\\MeltaPayMumbai\\vendor\\laravel\\framework\\src\\Illuminate\\Pipeline\\Pipeline.php(116): Illuminate\\Pipeline\\Pipeline->{closure:{closure:Illuminate\\Pipeline\\Pipeline::carry():155}:156}()
#72 C:\\Users\\thuve\\Desktop\\Work\\meltaPay\\MeltaPayMumbai\\vendor\\laravel\\framework\\src\\Illuminate\\Foundation\\Http\\Kernel.php(165): Illuminate\\Pipeline\\Pipeline->then()
#73 C:\\Users\\thuve\\Desktop\\Work\\meltaPay\\MeltaPayMumbai\\vendor\\laravel\\framework\\src\\Illuminate\\Foundation\\Http\\Kernel.php(134): Illuminate\\Foundation\\Http\\Kernel->sendRequestThroughRouter()
#74 C:\\Users\\thuve\\Desktop\\Work\\meltaPay\\MeltaPayMumbai\\public\\index.php(51): Illuminate\\Foundation\\Http\\Kernel->handle()
#75 C:\\Users\\thuve\\Desktop\\Work\\meltaPay\\MeltaPayMumbai\\vendor\\laravel\\framework\\src\\Illuminate\\Foundation\\resources\\server.php(16): require_once('...')
#76 {main}

[previous exception] [object] (PDOException(code: 2002): SQLSTATE[HY000] [2002] php_network_getaddresses: getaddrinfo for db failed: No such host is known at C:\\Users\\thuve\\Desktop\\Work\\meltaPay\\MeltaPayMumbai\\vendor\\laravel\\framework\\src\\Illuminate\\Database\\Connectors\\Connector.php:70)
[stacktrace]
#0 C:\\Users\\thuve\\Desktop\\Work\\meltaPay\\MeltaPayMumbai\\vendor\\laravel\\framework\\src\\Illuminate\\Database\\Connectors\\Connector.php(70): PDO->__construct()
#1 C:\\Users\\thuve\\Desktop\\Work\\meltaPay\\MeltaPayMumbai\\vendor\\laravel\\framework\\src\\Illuminate\\Database\\Connectors\\Connector.php(100): Illuminate\\Database\\Connectors\\Connector->createPdoConnection()
#2 C:\\Users\\thuve\\Desktop\\Work\\meltaPay\\MeltaPayMumbai\\vendor\\laravel\\framework\\src\\Illuminate\\Database\\Connectors\\Connector.php(49): Illuminate\\Database\\Connectors\\Connector->tryAgainIfCausedByLostConnection()
#3 C:\\Users\\thuve\\Desktop\\Work\\meltaPay\\MeltaPayMumbai\\vendor\\laravel\\framework\\src\\Illuminate\\Database\\Connectors\\MySqlConnector.php(24): Illuminate\\Database\\Connectors\\Connector->createConnection()
#4 C:\\Users\\thuve\\Desktop\\Work\\meltaPay\\MeltaPayMumbai\\vendor\\laravel\\framework\\src\\Illuminate\\Database\\Connectors\\ConnectionFactory.php(184): Illuminate\\Database\\Connectors\\MySqlConnector->connect()
#5 [internal function]: Illuminate\\Database\\Connectors\\ConnectionFactory->{closure:Illuminate\\Database\\Connectors\\ConnectionFactory::createPdoResolverWithHosts():179}()
#6 C:\\Users\\thuve\\Desktop\\Work\\meltaPay\\MeltaPayMumbai\\vendor\\laravel\\framework\\src\\Illuminate\\Database\\Connection.php(1181): call_user_func()
#7 C:\\Users\\thuve\\Desktop\\Work\\meltaPay\\MeltaPayMumbai\\vendor\\laravel\\framework\\src\\Illuminate\\Database\\Connection.php(1217): Illuminate\\Database\\Connection->getPdo()
#8 C:\\Users\\thuve\\Desktop\\Work\\meltaPay\\MeltaPayMumbai\\vendor\\laravel\\framework\\src\\Illuminate\\Database\\Connection.php(486): Illuminate\\Database\\Connection->getReadPdo()
#9 C:\\Users\\thuve\\Desktop\\Work\\meltaPay\\MeltaPayMumbai\\vendor\\laravel\\framework\\src\\Illuminate\\Database\\Connection.php(414): Illuminate\\Database\\Connection->getPdoForSelect()
#10 C:\\Users\\thuve\\Desktop\\Work\\meltaPay\\MeltaPayMumbai\\vendor\\laravel\\framework\\src\\Illuminate\\Database\\Connection.php(753): Illuminate\\Database\\Connection->{closure:Illuminate\\Database\\Connection::select():405}()
#11 C:\\Users\\thuve\\Desktop\\Work\\meltaPay\\MeltaPayMumbai\\vendor\\laravel\\framework\\src\\Illuminate\\Database\\Connection.php(899): Illuminate\\Database\\Connection->runQueryCallback()
#12 C:\\Users\\thuve\\Desktop\\Work\\meltaPay\\MeltaPayMumbai\\vendor\\laravel\\framework\\src\\Illuminate\\Database\\Connection.php(878): Illuminate\\Database\\Connection->tryAgainIfCausedByLostConnection()
#13 C:\\Users\\thuve\\Desktop\\Work\\meltaPay\\MeltaPayMumbai\\vendor\\laravel\\framework\\src\\Illuminate\\Database\\Connection.php(722): Illuminate\\Database\\Connection->handleQueryException()
#14 C:\\Users\\thuve\\Desktop\\Work\\meltaPay\\MeltaPayMumbai\\vendor\\laravel\\framework\\src\\Illuminate\\Database\\Connection.php(405): Illuminate\\Database\\Connection->run()
#15 C:\\Users\\thuve\\Desktop\\Work\\meltaPay\\MeltaPayMumbai\\vendor\\laravel\\framework\\src\\Illuminate\\Database\\Query\\Builder.php(2705): Illuminate\\Database\\Connection->select()
#16 C:\\Users\\thuve\\Desktop\\Work\\meltaPay\\MeltaPayMumbai\\vendor\\laravel\\framework\\src\\Illuminate\\Database\\Query\\Builder.php(2920): Illuminate\\Database\\Query\\Builder->runSelect()
#17 C:\\Users\\thuve\\Desktop\\Work\\meltaPay\\MeltaPayMumbai\\vendor\\laravel\\framework\\src\\Illuminate\\Database\\Query\\Builder.php(3230): Illuminate\\Database\\Query\\Builder->{closure:Illuminate\\Database\\Query\\Builder::pluck():2918}()
#18 C:\\Users\\thuve\\Desktop\\Work\\meltaPay\\MeltaPayMumbai\\vendor\\laravel\\framework\\src\\Illuminate\\Database\\Query\\Builder.php(2916): Illuminate\\Database\\Query\\Builder->onceWithColumns()
#19 C:\\Users\\thuve\\Desktop\\Work\\meltaPay\\MeltaPayMumbai\\vendor\\laravel\\framework\\src\\Illuminate\\Database\\Eloquent\\Builder.php(860): Illuminate\\Database\\Query\\Builder->pluck()
#20 C:\\Users\\thuve\\Desktop\\Work\\meltaPay\\MeltaPayMumbai\\app\\System.php(58): Illuminate\\Database\\Eloquent\\Builder->pluck()
#21 C:\\Users\\thuve\\Desktop\\Work\\meltaPay\\MeltaPayMumbai\\app\\Providers\\AppServiceProvider.php(99): App\\System::getProperties()
#22 C:\\Users\\thuve\\Desktop\\Work\\meltaPay\\MeltaPayMumbai\\vendor\\laravel\\framework\\src\\Illuminate\\View\\Concerns\\ManagesEvents.php(162): App\\Providers\\AppServiceProvider->{closure:App\\Providers\\AppServiceProvider::boot():96}()
#23 C:\\Users\\thuve\\Desktop\\Work\\meltaPay\\MeltaPayMumbai\\vendor\\laravel\\framework\\src\\Illuminate\\Events\\Dispatcher.php(418): Illuminate\\View\\Factory->{closure:Illuminate\\View\\Concerns\\ManagesEvents::addEventListener():161}()
#24 C:\\Users\\thuve\\Desktop\\Work\\meltaPay\\MeltaPayMumbai\\vendor\\laravel\\framework\\src\\Illuminate\\Events\\Dispatcher.php(249): Illuminate\\Events\\Dispatcher->{closure:Illuminate\\Events\\Dispatcher::makeListener():416}()
#25 C:\\Users\\thuve\\Desktop\\Work\\meltaPay\\MeltaPayMumbai\\vendor\\laravel\\framework\\src\\Illuminate\\View\\Concerns\\ManagesEvents.php(177): Illuminate\\Events\\Dispatcher->dispatch()
#26 C:\\Users\\thuve\\Desktop\\Work\\meltaPay\\MeltaPayMumbai\\vendor\\laravel\\framework\\src\\Illuminate\\View\\View.php(176): Illuminate\\View\\Factory->callComposer()
#27 C:\\Users\\thuve\\Desktop\\Work\\meltaPay\\MeltaPayMumbai\\vendor\\laravel\\framework\\src\\Illuminate\\View\\View.php(147): Illuminate\\View\\View->renderContents()
#28 C:\\Users\\thuve\\Desktop\\Work\\meltaPay\\MeltaPayMumbai\\storage\\framework\\views\\f18b1d1958788f59d0eac385b83edbecce957ba2.php(19): Illuminate\\View\\View->render()
#29 C:\\Users\\thuve\\Desktop\\Work\\meltaPay\\MeltaPayMumbai\\vendor\\laravel\\framework\\src\\Illuminate\\Filesystem\\Filesystem.php(109): require('...')
#30 C:\\Users\\thuve\\Desktop\\Work\\meltaPay\\MeltaPayMumbai\\vendor\\laravel\\framework\\src\\Illuminate\\Filesystem\\Filesystem.php(110): Illuminate\\Filesystem\\Filesystem::{closure:Illuminate\\Filesystem\\Filesystem::getRequire():106}()
#31 C:\\Users\\thuve\\Desktop\\Work\\meltaPay\\MeltaPayMumbai\\vendor\\laravel\\framework\\src\\Illuminate\\View\\Engines\\PhpEngine.php(58): Illuminate\\Filesystem\\Filesystem->getRequire()
#32 C:\\Users\\thuve\\Desktop\\Work\\meltaPay\\MeltaPayMumbai\\vendor\\laravel\\framework\\src\\Illuminate\\View\\Engines\\CompilerEngine.php(70): Illuminate\\View\\Engines\\PhpEngine->evaluatePath()
#33 C:\\Users\\thuve\\Desktop\\Work\\meltaPay\\MeltaPayMumbai\\vendor\\laravel\\framework\\src\\Illuminate\\View\\View.php(195): Illuminate\\View\\Engines\\CompilerEngine->get()
#34 C:\\Users\\thuve\\Desktop\\Work\\meltaPay\\MeltaPayMumbai\\vendor\\laravel\\framework\\src\\Illuminate\\View\\View.php(178): Illuminate\\View\\View->getContents()
#35 C:\\Users\\thuve\\Desktop\\Work\\meltaPay\\MeltaPayMumbai\\vendor\\laravel\\framework\\src\\Illuminate\\View\\View.php(147): Illuminate\\View\\View->renderContents()
#36 C:\\Users\\thuve\\Desktop\\Work\\meltaPay\\MeltaPayMumbai\\vendor\\laravel\\framework\\src\\Illuminate\\Http\\Response.php(69): Illuminate\\View\\View->render()
#37 C:\\Users\\thuve\\Desktop\\Work\\meltaPay\\MeltaPayMumbai\\vendor\\laravel\\framework\\src\\Illuminate\\Http\\Response.php(35): Illuminate\\Http\\Response->setContent()
#38 C:\\Users\\thuve\\Desktop\\Work\\meltaPay\\MeltaPayMumbai\\vendor\\laravel\\framework\\src\\Illuminate\\Routing\\Router.php(906): Illuminate\\Http\\Response->__construct()
#39 C:\\Users\\thuve\\Desktop\\Work\\meltaPay\\MeltaPayMumbai\\vendor\\laravel\\framework\\src\\Illuminate\\Routing\\Router.php(875): Illuminate\\Routing\\Router::toResponse()
#40 C:\\Users\\thuve\\Desktop\\Work\\meltaPay\\MeltaPayMumbai\\vendor\\laravel\\framework\\src\\Illuminate\\Routing\\Router.php(797): Illuminate\\Routing\\Router->prepareResponse()
#41 C:\\Users\\thuve\\Desktop\\Work\\meltaPay\\MeltaPayMumbai\\vendor\\laravel\\framework\\src\\Illuminate\\Pipeline\\Pipeline.php(141): Illuminate\\Routing\\Router->{closure:Illuminate\\Routing\\Router::runRouteWithinStack():797}()
#42 C:\\Users\\thuve\\Desktop\\Work\\meltaPay\\MeltaPayMumbai\\app\\Http\\Middleware\\IsInstalled.php(50): Illuminate\\Pipeline\\Pipeline->{closure:Illuminate\\Pipeline\\Pipeline::prepareDestination():139}()
#43 C:\\Users\\thuve\\Desktop\\Work\\meltaPay\\MeltaPayMumbai\\vendor\\laravel\\framework\\src\\Illuminate\\Pipeline\\Pipeline.php(180): App\\Http\\Middleware\\IsInstalled->handle()
#44 C:\\Users\\thuve\\Desktop\\Work\\meltaPay\\MeltaPayMumbai\\vendor\\barryvdh\\laravel-debugbar\\src\\Middleware\\InjectDebugbar.php(59): Illuminate\\Pipeline\\Pipeline->{closure:{closure:Illuminate\\Pipeline\\Pipeline::carry():155}:156}()
#45 C:\\Users\\thuve\\Desktop\\Work\\meltaPay\\MeltaPayMumbai\\vendor\\laravel\\framework\\src\\Illuminate\\Pipeline\\Pipeline.php(180): Barryvdh\\Debugbar\\Middleware\\InjectDebugbar->handle()
#46 C:\\Users\\thuve\\Desktop\\Work\\meltaPay\\MeltaPayMumbai\\vendor\\laravel\\framework\\src\\Illuminate\\Routing\\Middleware\\SubstituteBindings.php(50): Illuminate\\Pipeline\\Pipeline->{closure:{closure:Illuminate\\Pipeline\\Pipeline::carry():155}:156}()
#47 C:\\Users\\thuve\\Desktop\\Work\\meltaPay\\MeltaPayMumbai\\vendor\\laravel\\framework\\src\\Illuminate\\Pipeline\\Pipeline.php(180): Illuminate\\Routing\\Middleware\\SubstituteBindings->handle()
#48 C:\\Users\\thuve\\Desktop\\Work\\meltaPay\\MeltaPayMumbai\\vendor\\laravel\\framework\\src\\Illuminate\\Foundation\\Http\\Middleware\\VerifyCsrfToken.php(78): Illuminate\\Pipeline\\Pipeline->{closure:{closure:Illuminate\\Pipeline\\Pipeline::carry():155}:156}()
#49 C:\\Users\\thuve\\Desktop\\Work\\meltaPay\\MeltaPayMumbai\\vendor\\laravel\\framework\\src\\Illuminate\\Pipeline\\Pipeline.php(180): Illuminate\\Foundation\\Http\\Middleware\\VerifyCsrfToken->handle()
#50 C:\\Users\\thuve\\Desktop\\Work\\meltaPay\\MeltaPayMumbai\\vendor\\laravel\\framework\\src\\Illuminate\\View\\Middleware\\ShareErrorsFromSession.php(49): Illuminate\\Pipeline\\Pipeline->{closure:{closure:Illuminate\\Pipeline\\Pipeline::carry():155}:156}()
#51 C:\\Users\\thuve\\Desktop\\Work\\meltaPay\\MeltaPayMumbai\\vendor\\laravel\\framework\\src\\Illuminate\\Pipeline\\Pipeline.php(180): Illuminate\\View\\Middleware\\ShareErrorsFromSession->handle()
#52 C:\\Users\\thuve\\Desktop\\Work\\meltaPay\\MeltaPayMumbai\\vendor\\laravel\\framework\\src\\Illuminate\\Session\\Middleware\\StartSession.php(121): Illuminate\\Pipeline\\Pipeline->{closure:{closure:Illuminate\\Pipeline\\Pipeline::carry():155}:156}()
#53 C:\\Users\\thuve\\Desktop\\Work\\meltaPay\\MeltaPayMumbai\\vendor\\laravel\\framework\\src\\Illuminate\\Session\\Middleware\\StartSession.php(64): Illuminate\\Session\\Middleware\\StartSession->handleStatefulRequest()
#54 C:\\Users\\thuve\\Desktop\\Work\\meltaPay\\MeltaPayMumbai\\vendor\\laravel\\framework\\src\\Illuminate\\Pipeline\\Pipeline.php(180): Illuminate\\Session\\Middleware\\StartSession->handle()
#55 C:\\Users\\thuve\\Desktop\\Work\\meltaPay\\MeltaPayMumbai\\vendor\\laravel\\framework\\src\\Illuminate\\Cookie\\Middleware\\AddQueuedCookiesToResponse.php(37): Illuminate\\Pipeline\\Pipeline->{closure:{closure:Illuminate\\Pipeline\\Pipeline::carry():155}:156}()
#56 C:\\Users\\thuve\\Desktop\\Work\\meltaPay\\MeltaPayMumbai\\vendor\\laravel\\framework\\src\\Illuminate\\Pipeline\\Pipeline.php(180): Illuminate\\Cookie\\Middleware\\AddQueuedCookiesToResponse->handle()
#57 C:\\Users\\thuve\\Desktop\\Work\\meltaPay\\MeltaPayMumbai\\vendor\\laravel\\framework\\src\\Illuminate\\Cookie\\Middleware\\EncryptCookies.php(67): Illuminate\\Pipeline\\Pipeline->{closure:{closure:Illuminate\\Pipeline\\Pipeline::carry():155}:156}()
#58 C:\\Users\\thuve\\Desktop\\Work\\meltaPay\\MeltaPayMumbai\\vendor\\laravel\\framework\\src\\Illuminate\\Pipeline\\Pipeline.php(180): Illuminate\\Cookie\\Middleware\\EncryptCookies->handle()
#59 C:\\Users\\thuve\\Desktop\\Work\\meltaPay\\MeltaPayMumbai\\vendor\\laravel\\framework\\src\\Illuminate\\Pipeline\\Pipeline.php(116): Illuminate\\Pipeline\\Pipeline->{closure:{closure:Illuminate\\Pipeline\\Pipeline::carry():155}:156}()
#60 C:\\Users\\thuve\\Desktop\\Work\\meltaPay\\MeltaPayMumbai\\vendor\\laravel\\framework\\src\\Illuminate\\Routing\\Router.php(797): Illuminate\\Pipeline\\Pipeline->then()
#61 C:\\Users\\thuve\\Desktop\\Work\\meltaPay\\MeltaPayMumbai\\vendor\\laravel\\framework\\src\\Illuminate\\Routing\\Router.php(776): Illuminate\\Routing\\Router->runRouteWithinStack()
#62 C:\\Users\\thuve\\Desktop\\Work\\meltaPay\\MeltaPayMumbai\\vendor\\laravel\\framework\\src\\Illuminate\\Routing\\Router.php(740): Illuminate\\Routing\\Router->runRoute()
#63 C:\\Users\\thuve\\Desktop\\Work\\meltaPay\\MeltaPayMumbai\\vendor\\laravel\\framework\\src\\Illuminate\\Routing\\Router.php(729): Illuminate\\Routing\\Router->dispatchToRoute()
#64 C:\\Users\\thuve\\Desktop\\Work\\meltaPay\\MeltaPayMumbai\\vendor\\laravel\\framework\\src\\Illuminate\\Foundation\\Http\\Kernel.php(190): Illuminate\\Routing\\Router->dispatch()
#65 C:\\Users\\thuve\\Desktop\\Work\\meltaPay\\MeltaPayMumbai\\vendor\\laravel\\framework\\src\\Illuminate\\Pipeline\\Pipeline.php(141): Illuminate\\Foundation\\Http\\Kernel->{closure:Illuminate\\Foundation\\Http\\Kernel::dispatchToRouter():187}()
#66 C:\\Users\\thuve\\Desktop\\Work\\meltaPay\\MeltaPayMumbai\\vendor\\barryvdh\\laravel-debugbar\\src\\Middleware\\InjectDebugbar.php(59): Illuminate\\Pipeline\\Pipeline->{closure:Illuminate\\Pipeline\\Pipeline::prepareDestination():139}()
#67 C:\\Users\\thuve\\Desktop\\Work\\meltaPay\\MeltaPayMumbai\\vendor\\laravel\\framework\\src\\Illuminate\\Pipeline\\Pipeline.php(180): Barryvdh\\Debugbar\\Middleware\\InjectDebugbar->handle()
#68 C:\\Users\\thuve\\Desktop\\Work\\meltaPay\\MeltaPayMumbai\\vendor\\laravel\\framework\\src\\Illuminate\\Foundation\\Http\\Middleware\\TransformsRequest.php(21): Illuminate\\Pipeline\\Pipeline->{closure:{closure:Illuminate\\Pipeline\\Pipeline::carry():155}:156}()
#69 C:\\Users\\thuve\\Desktop\\Work\\meltaPay\\MeltaPayMumbai\\vendor\\laravel\\framework\\src\\Illuminate\\Foundation\\Http\\Middleware\\ConvertEmptyStringsToNull.php(31): Illuminate\\Foundation\\Http\\Middleware\\TransformsRequest->handle()
#70 C:\\Users\\thuve\\Desktop\\Work\\meltaPay\\MeltaPayMumbai\\vendor\\laravel\\framework\\src\\Illuminate\\Pipeline\\Pipeline.php(180): Illuminate\\Foundation\\Http\\Middleware\\ConvertEmptyStringsToNull->handle()
#71 C:\\Users\\thuve\\Desktop\\Work\\meltaPay\\MeltaPayMumbai\\vendor\\laravel\\framework\\src\\Illuminate\\Foundation\\Http\\Middleware\\TransformsRequest.php(21): Illuminate\\Pipeline\\Pipeline->{closure:{closure:Illuminate\\Pipeline\\Pipeline::carry():155}:156}()
#72 C:\\Users\\thuve\\Desktop\\Work\\meltaPay\\MeltaPayMumbai\\vendor\\laravel\\framework\\src\\Illuminate\\Foundation\\Http\\Middleware\\TrimStrings.php(40): Illuminate\\Foundation\\Http\\Middleware\\TransformsRequest->handle()
#73 C:\\Users\\thuve\\Desktop\\Work\\meltaPay\\MeltaPayMumbai\\vendor\\laravel\\framework\\src\\Illuminate\\Pipeline\\Pipeline.php(180): Illuminate\\Foundation\\Http\\Middleware\\TrimStrings->handle()
#74 C:\\Users\\thuve\\Desktop\\Work\\meltaPay\\MeltaPayMumbai\\vendor\\laravel\\framework\\src\\Illuminate\\Foundation\\Http\\Middleware\\ValidatePostSize.php(27): Illuminate\\Pipeline\\Pipeline->{closure:{closure:Illuminate\\Pipeline\\Pipeline::carry():155}:156}()
#75 C:\\Users\\thuve\\Desktop\\Work\\meltaPay\\MeltaPayMumbai\\vendor\\laravel\\framework\\src\\Illuminate\\Pipeline\\Pipeline.php(180): Illuminate\\Foundation\\Http\\Middleware\\ValidatePostSize->handle()
#76 C:\\Users\\thuve\\Desktop\\Work\\meltaPay\\MeltaPayMumbai\\vendor\\laravel\\framework\\src\\Illuminate\\Foundation\\Http\\Middleware\\PreventRequestsDuringMaintenance.php(86): Illuminate\\Pipeline\\Pipeline->{closure:{closure:Illuminate\\Pipeline\\Pipeline::carry():155}:156}()
#77 C:\\Users\\thuve\\Desktop\\Work\\meltaPay\\MeltaPayMumbai\\vendor\\laravel\\framework\\src\\Illuminate\\Pipeline\\Pipeline.php(180): Illuminate\\Foundation\\Http\\Middleware\\PreventRequestsDuringMaintenance->handle()
#78 C:\\Users\\thuve\\Desktop\\Work\\meltaPay\\MeltaPayMumbai\\vendor\\laravel\\framework\\src\\Illuminate\\Http\\Middleware\\HandleCors.php(49): Illuminate\\Pipeline\\Pipeline->{closure:{closure:Illuminate\\Pipeline\\Pipeline::carry():155}:156}()
#79 C:\\Users\\thuve\\Desktop\\Work\\meltaPay\\MeltaPayMumbai\\vendor\\laravel\\framework\\src\\Illuminate\\Pipeline\\Pipeline.php(180): Illuminate\\Http\\Middleware\\HandleCors->handle()
#80 C:\\Users\\thuve\\Desktop\\Work\\meltaPay\\MeltaPayMumbai\\vendor\\laravel\\framework\\src\\Illuminate\\Http\\Middleware\\TrustProxies.php(39): Illuminate\\Pipeline\\Pipeline->{closure:{closure:Illuminate\\Pipeline\\Pipeline::carry():155}:156}()
#81 C:\\Users\\thuve\\Desktop\\Work\\meltaPay\\MeltaPayMumbai\\vendor\\laravel\\framework\\src\\Illuminate\\Pipeline\\Pipeline.php(180): Illuminate\\Http\\Middleware\\TrustProxies->handle()
#82 C:\\Users\\thuve\\Desktop\\Work\\meltaPay\\MeltaPayMumbai\\vendor\\laravel\\framework\\src\\Illuminate\\Pipeline\\Pipeline.php(116): Illuminate\\Pipeline\\Pipeline->{closure:{closure:Illuminate\\Pipeline\\Pipeline::carry():155}:156}()
#83 C:\\Users\\thuve\\Desktop\\Work\\meltaPay\\MeltaPayMumbai\\vendor\\laravel\\framework\\src\\Illuminate\\Foundation\\Http\\Kernel.php(165): Illuminate\\Pipeline\\Pipeline->then()
#84 C:\\Users\\thuve\\Desktop\\Work\\meltaPay\\MeltaPayMumbai\\vendor\\laravel\\framework\\src\\Illuminate\\Foundation\\Http\\Kernel.php(134): Illuminate\\Foundation\\Http\\Kernel->sendRequestThroughRouter()
#85 C:\\Users\\thuve\\Desktop\\Work\\meltaPay\\MeltaPayMumbai\\public\\index.php(51): Illuminate\\Foundation\\Http\\Kernel->handle()
#86 C:\\Users\\thuve\\Desktop\\Work\\meltaPay\\MeltaPayMumbai\\vendor\\laravel\\framework\\src\\Illuminate\\Foundation\\resources\\server.php(16): require_once('...')
#87 {main}

[previous exception] [object] (PDOException(code: 0): PDO::__construct(): php_network_getaddresses: getaddrinfo for db failed: No such host is known at C:\\Users\\thuve\\Desktop\\Work\\meltaPay\\MeltaPayMumbai\\vendor\\laravel\\framework\\src\\Illuminate\\Database\\Connectors\\Connector.php:70)
[stacktrace]
#0 C:\\Users\\thuve\\Desktop\\Work\\meltaPay\\MeltaPayMumbai\\vendor\\laravel\\framework\\src\\Illuminate\\Database\\Connectors\\Connector.php(70): PDO->__construct()
#1 C:\\Users\\thuve\\Desktop\\Work\\meltaPay\\MeltaPayMumbai\\vendor\\laravel\\framework\\src\\Illuminate\\Database\\Connectors\\Connector.php(100): Illuminate\\Database\\Connectors\\Connector->createPdoConnection()
#2 C:\\Users\\thuve\\Desktop\\Work\\meltaPay\\MeltaPayMumbai\\vendor\\laravel\\framework\\src\\Illuminate\\Database\\Connectors\\Connector.php(49): Illuminate\\Database\\Connectors\\Connector->tryAgainIfCausedByLostConnection()
#3 C:\\Users\\thuve\\Desktop\\Work\\meltaPay\\MeltaPayMumbai\\vendor\\laravel\\framework\\src\\Illuminate\\Database\\Connectors\\MySqlConnector.php(24): Illuminate\\Database\\Connectors\\Connector->createConnection()
#4 C:\\Users\\thuve\\Desktop\\Work\\meltaPay\\MeltaPayMumbai\\vendor\\laravel\\framework\\src\\Illuminate\\Database\\Connectors\\ConnectionFactory.php(184): Illuminate\\Database\\Connectors\\MySqlConnector->connect()
#5 [internal function]: Illuminate\\Database\\Connectors\\ConnectionFactory->{closure:Illuminate\\Database\\Connectors\\ConnectionFactory::createPdoResolverWithHosts():179}()
#6 C:\\Users\\thuve\\Desktop\\Work\\meltaPay\\MeltaPayMumbai\\vendor\\laravel\\framework\\src\\Illuminate\\Database\\Connection.php(1181): call_user_func()
#7 C:\\Users\\thuve\\Desktop\\Work\\meltaPay\\MeltaPayMumbai\\vendor\\laravel\\framework\\src\\Illuminate\\Database\\Connection.php(1217): Illuminate\\Database\\Connection->getPdo()
#8 C:\\Users\\thuve\\Desktop\\Work\\meltaPay\\MeltaPayMumbai\\vendor\\laravel\\framework\\src\\Illuminate\\Database\\Connection.php(486): Illuminate\\Database\\Connection->getReadPdo()
#9 C:\\Users\\thuve\\Desktop\\Work\\meltaPay\\MeltaPayMumbai\\vendor\\laravel\\framework\\src\\Illuminate\\Database\\Connection.php(414): Illuminate\\Database\\Connection->getPdoForSelect()
#10 C:\\Users\\thuve\\Desktop\\Work\\meltaPay\\MeltaPayMumbai\\vendor\\laravel\\framework\\src\\Illuminate\\Database\\Connection.php(753): Illuminate\\Database\\Connection->{closure:Illuminate\\Database\\Connection::select():405}()
#11 C:\\Users\\thuve\\Desktop\\Work\\meltaPay\\MeltaPayMumbai\\vendor\\laravel\\framework\\src\\Illuminate\\Database\\Connection.php(899): Illuminate\\Database\\Connection->runQueryCallback()
#12 C:\\Users\\thuve\\Desktop\\Work\\meltaPay\\MeltaPayMumbai\\vendor\\laravel\\framework\\src\\Illuminate\\Database\\Connection.php(878): Illuminate\\Database\\Connection->tryAgainIfCausedByLostConnection()
#13 C:\\Users\\thuve\\Desktop\\Work\\meltaPay\\MeltaPayMumbai\\vendor\\laravel\\framework\\src\\Illuminate\\Database\\Connection.php(722): Illuminate\\Database\\Connection->handleQueryException()
#14 C:\\Users\\thuve\\Desktop\\Work\\meltaPay\\MeltaPayMumbai\\vendor\\laravel\\framework\\src\\Illuminate\\Database\\Connection.php(405): Illuminate\\Database\\Connection->run()
#15 C:\\Users\\thuve\\Desktop\\Work\\meltaPay\\MeltaPayMumbai\\vendor\\laravel\\framework\\src\\Illuminate\\Database\\Query\\Builder.php(2705): Illuminate\\Database\\Connection->select()
#16 C:\\Users\\thuve\\Desktop\\Work\\meltaPay\\MeltaPayMumbai\\vendor\\laravel\\framework\\src\\Illuminate\\Database\\Query\\Builder.php(2920): Illuminate\\Database\\Query\\Builder->runSelect()
#17 C:\\Users\\thuve\\Desktop\\Work\\meltaPay\\MeltaPayMumbai\\vendor\\laravel\\framework\\src\\Illuminate\\Database\\Query\\Builder.php(3230): Illuminate\\Database\\Query\\Builder->{closure:Illuminate\\Database\\Query\\Builder::pluck():2918}()
#18 C:\\Users\\thuve\\Desktop\\Work\\meltaPay\\MeltaPayMumbai\\vendor\\laravel\\framework\\src\\Illuminate\\Database\\Query\\Builder.php(2916): Illuminate\\Database\\Query\\Builder->onceWithColumns()
#19 C:\\Users\\thuve\\Desktop\\Work\\meltaPay\\MeltaPayMumbai\\vendor\\laravel\\framework\\src\\Illuminate\\Database\\Eloquent\\Builder.php(860): Illuminate\\Database\\Query\\Builder->pluck()
#20 C:\\Users\\thuve\\Desktop\\Work\\meltaPay\\MeltaPayMumbai\\app\\System.php(58): Illuminate\\Database\\Eloquent\\Builder->pluck()
#21 C:\\Users\\thuve\\Desktop\\Work\\meltaPay\\MeltaPayMumbai\\app\\Providers\\AppServiceProvider.php(99): App\\System::getProperties()
#22 C:\\Users\\thuve\\Desktop\\Work\\meltaPay\\MeltaPayMumbai\\vendor\\laravel\\framework\\src\\Illuminate\\View\\Concerns\\ManagesEvents.php(162): App\\Providers\\AppServiceProvider->{closure:App\\Providers\\AppServiceProvider::boot():96}()
#23 C:\\Users\\thuve\\Desktop\\Work\\meltaPay\\MeltaPayMumbai\\vendor\\laravel\\framework\\src\\Illuminate\\Events\\Dispatcher.php(418): Illuminate\\View\\Factory->{closure:Illuminate\\View\\Concerns\\ManagesEvents::addEventListener():161}()
#24 C:\\Users\\thuve\\Desktop\\Work\\meltaPay\\MeltaPayMumbai\\vendor\\laravel\\framework\\src\\Illuminate\\Events\\Dispatcher.php(249): Illuminate\\Events\\Dispatcher->{closure:Illuminate\\Events\\Dispatcher::makeListener():416}()
#25 C:\\Users\\thuve\\Desktop\\Work\\meltaPay\\MeltaPayMumbai\\vendor\\laravel\\framework\\src\\Illuminate\\View\\Concerns\\ManagesEvents.php(177): Illuminate\\Events\\Dispatcher->dispatch()
#26 C:\\Users\\thuve\\Desktop\\Work\\meltaPay\\MeltaPayMumbai\\vendor\\laravel\\framework\\src\\Illuminate\\View\\View.php(176): Illuminate\\View\\Factory->callComposer()
#27 C:\\Users\\thuve\\Desktop\\Work\\meltaPay\\MeltaPayMumbai\\vendor\\laravel\\framework\\src\\Illuminate\\View\\View.php(147): Illuminate\\View\\View->renderContents()
#28 C:\\Users\\thuve\\Desktop\\Work\\meltaPay\\MeltaPayMumbai\\storage\\framework\\views\\f18b1d1958788f59d0eac385b83edbecce957ba2.php(19): Illuminate\\View\\View->render()
#29 C:\\Users\\thuve\\Desktop\\Work\\meltaPay\\MeltaPayMumbai\\vendor\\laravel\\framework\\src\\Illuminate\\Filesystem\\Filesystem.php(109): require('...')
#30 C:\\Users\\thuve\\Desktop\\Work\\meltaPay\\MeltaPayMumbai\\vendor\\laravel\\framework\\src\\Illuminate\\Filesystem\\Filesystem.php(110): Illuminate\\Filesystem\\Filesystem::{closure:Illuminate\\Filesystem\\Filesystem::getRequire():106}()
#31 C:\\Users\\thuve\\Desktop\\Work\\meltaPay\\MeltaPayMumbai\\vendor\\laravel\\framework\\src\\Illuminate\\View\\Engines\\PhpEngine.php(58): Illuminate\\Filesystem\\Filesystem->getRequire()
#32 C:\\Users\\thuve\\Desktop\\Work\\meltaPay\\MeltaPayMumbai\\vendor\\laravel\\framework\\src\\Illuminate\\View\\Engines\\CompilerEngine.php(70): Illuminate\\View\\Engines\\PhpEngine->evaluatePath()
#33 C:\\Users\\thuve\\Desktop\\Work\\meltaPay\\MeltaPayMumbai\\vendor\\laravel\\framework\\src\\Illuminate\\View\\View.php(195): Illuminate\\View\\Engines\\CompilerEngine->get()
#34 C:\\Users\\thuve\\Desktop\\Work\\meltaPay\\MeltaPayMumbai\\vendor\\laravel\\framework\\src\\Illuminate\\View\\View.php(178): Illuminate\\View\\View->getContents()
#35 C:\\Users\\thuve\\Desktop\\Work\\meltaPay\\MeltaPayMumbai\\vendor\\laravel\\framework\\src\\Illuminate\\View\\View.php(147): Illuminate\\View\\View->renderContents()
#36 C:\\Users\\thuve\\Desktop\\Work\\meltaPay\\MeltaPayMumbai\\vendor\\laravel\\framework\\src\\Illuminate\\Http\\Response.php(69): Illuminate\\View\\View->render()
#37 C:\\Users\\thuve\\Desktop\\Work\\meltaPay\\MeltaPayMumbai\\vendor\\laravel\\framework\\src\\Illuminate\\Http\\Response.php(35): Illuminate\\Http\\Response->setContent()
#38 C:\\Users\\thuve\\Desktop\\Work\\meltaPay\\MeltaPayMumbai\\vendor\\laravel\\framework\\src\\Illuminate\\Routing\\Router.php(906): Illuminate\\Http\\Response->__construct()
#39 C:\\Users\\thuve\\Desktop\\Work\\meltaPay\\MeltaPayMumbai\\vendor\\laravel\\framework\\src\\Illuminate\\Routing\\Router.php(875): Illuminate\\Routing\\Router::toResponse()
#40 C:\\Users\\thuve\\Desktop\\Work\\meltaPay\\MeltaPayMumbai\\vendor\\laravel\\framework\\src\\Illuminate\\Routing\\Router.php(797): Illuminate\\Routing\\Router->prepareResponse()
#41 C:\\Users\\thuve\\Desktop\\Work\\meltaPay\\MeltaPayMumbai\\vendor\\laravel\\framework\\src\\Illuminate\\Pipeline\\Pipeline.php(141): Illuminate\\Routing\\Router->{closure:Illuminate\\Routing\\Router::runRouteWithinStack():797}()
#42 C:\\Users\\thuve\\Desktop\\Work\\meltaPay\\MeltaPayMumbai\\app\\Http\\Middleware\\IsInstalled.php(50): Illuminate\\Pipeline\\Pipeline->{closure:Illuminate\\Pipeline\\Pipeline::prepareDestination():139}()
#43 C:\\Users\\thuve\\Desktop\\Work\\meltaPay\\MeltaPayMumbai\\vendor\\laravel\\framework\\src\\Illuminate\\Pipeline\\Pipeline.php(180): App\\Http\\Middleware\\IsInstalled->handle()
#44 C:\\Users\\thuve\\Desktop\\Work\\meltaPay\\MeltaPayMumbai\\vendor\\barryvdh\\laravel-debugbar\\src\\Middleware\\InjectDebugbar.php(59): Illuminate\\Pipeline\\Pipeline->{closure:{closure:Illuminate\\Pipeline\\Pipeline::carry():155}:156}()
#45 C:\\Users\\thuve\\Desktop\\Work\\meltaPay\\MeltaPayMumbai\\vendor\\laravel\\framework\\src\\Illuminate\\Pipeline\\Pipeline.php(180): Barryvdh\\Debugbar\\Middleware\\InjectDebugbar->handle()
#46 C:\\Users\\thuve\\Desktop\\Work\\meltaPay\\MeltaPayMumbai\\vendor\\laravel\\framework\\src\\Illuminate\\Routing\\Middleware\\SubstituteBindings.php(50): Illuminate\\Pipeline\\Pipeline->{closure:{closure:Illuminate\\Pipeline\\Pipeline::carry():155}:156}()
#47 C:\\Users\\thuve\\Desktop\\Work\\meltaPay\\MeltaPayMumbai\\vendor\\laravel\\framework\\src\\Illuminate\\Pipeline\\Pipeline.php(180): Illuminate\\Routing\\Middleware\\SubstituteBindings->handle()
#48 C:\\Users\\thuve\\Desktop\\Work\\meltaPay\\MeltaPayMumbai\\vendor\\laravel\\framework\\src\\Illuminate\\Foundation\\Http\\Middleware\\VerifyCsrfToken.php(78): Illuminate\\Pipeline\\Pipeline->{closure:{closure:Illuminate\\Pipeline\\Pipeline::carry():155}:156}()
#49 C:\\Users\\thuve\\Desktop\\Work\\meltaPay\\MeltaPayMumbai\\vendor\\laravel\\framework\\src\\Illuminate\\Pipeline\\Pipeline.php(180): Illuminate\\Foundation\\Http\\Middleware\\VerifyCsrfToken->handle()
#50 C:\\Users\\thuve\\Desktop\\Work\\meltaPay\\MeltaPayMumbai\\vendor\\laravel\\framework\\src\\Illuminate\\View\\Middleware\\ShareErrorsFromSession.php(49): Illuminate\\Pipeline\\Pipeline->{closure:{closure:Illuminate\\Pipeline\\Pipeline::carry():155}:156}()
#51 C:\\Users\\thuve\\Desktop\\Work\\meltaPay\\MeltaPayMumbai\\vendor\\laravel\\framework\\src\\Illuminate\\Pipeline\\Pipeline.php(180): Illuminate\\View\\Middleware\\ShareErrorsFromSession->handle()
#52 C:\\Users\\thuve\\Desktop\\Work\\meltaPay\\MeltaPayMumbai\\vendor\\laravel\\framework\\src\\Illuminate\\Session\\Middleware\\StartSession.php(121): Illuminate\\Pipeline\\Pipeline->{closure:{closure:Illuminate\\Pipeline\\Pipeline::carry():155}:156}()
#53 C:\\Users\\thuve\\Desktop\\Work\\meltaPay\\MeltaPayMumbai\\vendor\\laravel\\framework\\src\\Illuminate\\Session\\Middleware\\StartSession.php(64): Illuminate\\Session\\Middleware\\StartSession->handleStatefulRequest()
#54 C:\\Users\\thuve\\Desktop\\Work\\meltaPay\\MeltaPayMumbai\\vendor\\laravel\\framework\\src\\Illuminate\\Pipeline\\Pipeline.php(180): Illuminate\\Session\\Middleware\\StartSession->handle()
#55 C:\\Users\\thuve\\Desktop\\Work\\meltaPay\\MeltaPayMumbai\\vendor\\laravel\\framework\\src\\Illuminate\\Cookie\\Middleware\\AddQueuedCookiesToResponse.php(37): Illuminate\\Pipeline\\Pipeline->{closure:{closure:Illuminate\\Pipeline\\Pipeline::carry():155}:156}()
#56 C:\\Users\\thuve\\Desktop\\Work\\meltaPay\\MeltaPayMumbai\\vendor\\laravel\\framework\\src\\Illuminate\\Pipeline\\Pipeline.php(180): Illuminate\\Cookie\\Middleware\\AddQueuedCookiesToResponse->handle()
#57 C:\\Users\\thuve\\Desktop\\Work\\meltaPay\\MeltaPayMumbai\\vendor\\laravel\\framework\\src\\Illuminate\\Cookie\\Middleware\\EncryptCookies.php(67): Illuminate\\Pipeline\\Pipeline->{closure:{closure:Illuminate\\Pipeline\\Pipeline::carry():155}:156}()
#58 C:\\Users\\thuve\\Desktop\\Work\\meltaPay\\MeltaPayMumbai\\vendor\\laravel\\framework\\src\\Illuminate\\Pipeline\\Pipeline.php(180): Illuminate\\Cookie\\Middleware\\EncryptCookies->handle()
#59 C:\\Users\\thuve\\Desktop\\Work\\meltaPay\\MeltaPayMumbai\\vendor\\laravel\\framework\\src\\Illuminate\\Pipeline\\Pipeline.php(116): Illuminate\\Pipeline\\Pipeline->{closure:{closure:Illuminate\\Pipeline\\Pipeline::carry():155}:156}()
#60 C:\\Users\\thuve\\Desktop\\Work\\meltaPay\\MeltaPayMumbai\\vendor\\laravel\\framework\\src\\Illuminate\\Routing\\Router.php(797): Illuminate\\Pipeline\\Pipeline->then()
#61 C:\\Users\\thuve\\Desktop\\Work\\meltaPay\\MeltaPayMumbai\\vendor\\laravel\\framework\\src\\Illuminate\\Routing\\Router.php(776): Illuminate\\Routing\\Router->runRouteWithinStack()
#62 C:\\Users\\thuve\\Desktop\\Work\\meltaPay\\MeltaPayMumbai\\vendor\\laravel\\framework\\src\\Illuminate\\Routing\\Router.php(740): Illuminate\\Routing\\Router->runRoute()
#63 C:\\Users\\thuve\\Desktop\\Work\\meltaPay\\MeltaPayMumbai\\vendor\\laravel\\framework\\src\\Illuminate\\Routing\\Router.php(729): Illuminate\\Routing\\Router->dispatchToRoute()
#64 C:\\Users\\thuve\\Desktop\\Work\\meltaPay\\MeltaPayMumbai\\vendor\\laravel\\framework\\src\\Illuminate\\Foundation\\Http\\Kernel.php(190): Illuminate\\Routing\\Router->dispatch()
#65 C:\\Users\\thuve\\Desktop\\Work\\meltaPay\\MeltaPayMumbai\\vendor\\laravel\\framework\\src\\Illuminate\\Pipeline\\Pipeline.php(141): Illuminate\\Foundation\\Http\\Kernel->{closure:Illuminate\\Foundation\\Http\\Kernel::dispatchToRouter():187}()
#66 C:\\Users\\thuve\\Desktop\\Work\\meltaPay\\MeltaPayMumbai\\vendor\\barryvdh\\laravel-debugbar\\src\\Middleware\\InjectDebugbar.php(59): Illuminate\\Pipeline\\Pipeline->{closure:Illuminate\\Pipeline\\Pipeline::prepareDestination():139}()
#67 C:\\Users\\thuve\\Desktop\\Work\\meltaPay\\MeltaPayMumbai\\vendor\\laravel\\framework\\src\\Illuminate\\Pipeline\\Pipeline.php(180): Barryvdh\\Debugbar\\Middleware\\InjectDebugbar->handle()
#68 C:\\Users\\thuve\\Desktop\\Work\\meltaPay\\MeltaPayMumbai\\vendor\\laravel\\framework\\src\\Illuminate\\Foundation\\Http\\Middleware\\TransformsRequest.php(21): Illuminate\\Pipeline\\Pipeline->{closure:{closure:Illuminate\\Pipeline\\Pipeline::carry():155}:156}()
#69 C:\\Users\\thuve\\Desktop\\Work\\meltaPay\\MeltaPayMumbai\\vendor\\laravel\\framework\\src\\Illuminate\\Foundation\\Http\\Middleware\\ConvertEmptyStringsToNull.php(31): Illuminate\\Foundation\\Http\\Middleware\\TransformsRequest->handle()
#70 C:\\Users\\thuve\\Desktop\\Work\\meltaPay\\MeltaPayMumbai\\vendor\\laravel\\framework\\src\\Illuminate\\Pipeline\\Pipeline.php(180): Illuminate\\Foundation\\Http\\Middleware\\ConvertEmptyStringsToNull->handle()
#71 C:\\Users\\thuve\\Desktop\\Work\\meltaPay\\MeltaPayMumbai\\vendor\\laravel\\framework\\src\\Illuminate\\Foundation\\Http\\Middleware\\TransformsRequest.php(21): Illuminate\\Pipeline\\Pipeline->{closure:{closure:Illuminate\\Pipeline\\Pipeline::carry():155}:156}()
#72 C:\\Users\\thuve\\Desktop\\Work\\meltaPay\\MeltaPayMumbai\\vendor\\laravel\\framework\\src\\Illuminate\\Foundation\\Http\\Middleware\\TrimStrings.php(40): Illuminate\\Foundation\\Http\\Middleware\\TransformsRequest->handle()
#73 C:\\Users\\thuve\\Desktop\\Work\\meltaPay\\MeltaPayMumbai\\vendor\\laravel\\framework\\src\\Illuminate\\Pipeline\\Pipeline.php(180): Illuminate\\Foundation\\Http\\Middleware\\TrimStrings->handle()
#74 C:\\Users\\thuve\\Desktop\\Work\\meltaPay\\MeltaPayMumbai\\vendor\\laravel\\framework\\src\\Illuminate\\Foundation\\Http\\Middleware\\ValidatePostSize.php(27): Illuminate\\Pipeline\\Pipeline->{closure:{closure:Illuminate\\Pipeline\\Pipeline::carry():155}:156}()
#75 C:\\Users\\thuve\\Desktop\\Work\\meltaPay\\MeltaPayMumbai\\vendor\\laravel\\framework\\src\\Illuminate\\Pipeline\\Pipeline.php(180): Illuminate\\Foundation\\Http\\Middleware\\ValidatePostSize->handle()
#76 C:\\Users\\thuve\\Desktop\\Work\\meltaPay\\MeltaPayMumbai\\vendor\\laravel\\framework\\src\\Illuminate\\Foundation\\Http\\Middleware\\PreventRequestsDuringMaintenance.php(86): Illuminate\\Pipeline\\Pipeline->{closure:{closure:Illuminate\\Pipeline\\Pipeline::carry():155}:156}()
#77 C:\\Users\\thuve\\Desktop\\Work\\meltaPay\\MeltaPayMumbai\\vendor\\laravel\\framework\\src\\Illuminate\\Pipeline\\Pipeline.php(180): Illuminate\\Foundation\\Http\\Middleware\\PreventRequestsDuringMaintenance->handle()
#78 C:\\Users\\thuve\\Desktop\\Work\\meltaPay\\MeltaPayMumbai\\vendor\\laravel\\framework\\src\\Illuminate\\Http\\Middleware\\HandleCors.php(49): Illuminate\\Pipeline\\Pipeline->{closure:{closure:Illuminate\\Pipeline\\Pipeline::carry():155}:156}()
#79 C:\\Users\\thuve\\Desktop\\Work\\meltaPay\\MeltaPayMumbai\\vendor\\laravel\\framework\\src\\Illuminate\\Pipeline\\Pipeline.php(180): Illuminate\\Http\\Middleware\\HandleCors->handle()
#80 C:\\Users\\thuve\\Desktop\\Work\\meltaPay\\MeltaPayMumbai\\vendor\\laravel\\framework\\src\\Illuminate\\Http\\Middleware\\TrustProxies.php(39): Illuminate\\Pipeline\\Pipeline->{closure:{closure:Illuminate\\Pipeline\\Pipeline::carry():155}:156}()
#81 C:\\Users\\thuve\\Desktop\\Work\\meltaPay\\MeltaPayMumbai\\vendor\\laravel\\framework\\src\\Illuminate\\Pipeline\\Pipeline.php(180): Illuminate\\Http\\Middleware\\TrustProxies->handle()
#82 C:\\Users\\thuve\\Desktop\\Work\\meltaPay\\MeltaPayMumbai\\vendor\\laravel\\framework\\src\\Illuminate\\Pipeline\\Pipeline.php(116): Illuminate\\Pipeline\\Pipeline->{closure:{closure:Illuminate\\Pipeline\\Pipeline::carry():155}:156}()
#83 C:\\Users\\thuve\\Desktop\\Work\\meltaPay\\MeltaPayMumbai\\vendor\\laravel\\framework\\src\\Illuminate\\Foundation\\Http\\Kernel.php(165): Illuminate\\Pipeline\\Pipeline->then()
#84 C:\\Users\\thuve\\Desktop\\Work\\meltaPay\\MeltaPayMumbai\\vendor\\laravel\\framework\\src\\Illuminate\\Foundation\\Http\\Kernel.php(134): Illuminate\\Foundation\\Http\\Kernel->sendRequestThroughRouter()
#85 C:\\Users\\thuve\\Desktop\\Work\\meltaPay\\MeltaPayMumbai\\public\\index.php(51): Illuminate\\Foundation\\Http\\Kernel->handle()
#86 C:\\Users\\thuve\\Desktop\\Work\\meltaPay\\MeltaPayMumbai\\vendor\\laravel\\framework\\src\\Illuminate\\Foundation\\resources\\server.php(16): require_once('...')
#87 {main}
"} 
